11080 Knights Road, Philadelphia, PA 19154, USA : 128 mins
1514 West Oxford Street, Philadelphia, PA 19121, USA : 66 mins
West Oxford Street & North 28th Street, Philadelphia, PA 19121, USA : 67 mins
2265 North 10th Street, Philadelphia, PA 19133, USA : 55 mins
Castor Avenue & Kensington Avenue, Philadelphia, PA 19124, USA : 71 mins
7048 Castor Avenue, Philadelphia, PA 19149, USA : 93 mins
7400 Briar Road, Philadelphia, PA 19138, USA : 102 mins
2506 Jackson Street, Philadelphia, PA 19145, USA : 63 mins
4916 Lancaster Avenue, Philadelphia, PA 19131, USA : 64 mins
North Front Street & West Duncannon Avenue, Philadelphia, PA 19120, USA : 91 mins
South 8th Street & Wolf Street, Philadelphia, PA 19148, USA : 74 mins
Red Lion Road & Calera Road, Philadelphia, PA 19154, USA : 118 mins
230 Vine Street, Philadelphia, PA 19106, USA : 63 mins
2031 Vista Street, Philadelphia, PA 19152, USA : 98 mins
Philadelphia, PA, USA : 34 mins
6130 Lansdowne Avenue, Philadelphia, PA 19151, USA : 67 mins
1421 West Susquehanna Avenue, Philadelphia, PA 19121, USA : 62 mins
13021 Worthington Road, Philadelphia, PA 19116, USA : 127 mins
2500 South 16th Street, Philadelphia, PA 19145, USA : 67 mins
Lowber Avenue & Mayland Street, Philadelphia, PA 19138, USA : 100 mins
South 9th Street & Bainbridge Street, Philadelphia, PA 19147, USA : 51 mins
4701 Springfield Avenue, Philadelphia, PA 19143, USA : 57 mins
South 16th Street & Jackson Street, Philadelphia, PA 19145, USA : 70 mins
North 57th Street & Wynnefield Avenue, Philadelphia, PA 19131, USA : 69 mins
4261 North 5th Street, Philadelphia, PA 19140, USA : 76 mins
South Broad Street & Lombard Street, Philadelphia, PA 19147, USA : 49 mins
Medary Avenue & North Opal Street, Philadelphia, PA 19141, USA : 99 mins
6150 Algon Avenue, Philadelphia, PA 19111, USA : 105 mins
Germantown Avenue & Carpenter Lane, Philadelphia, PA 19119, USA : 77 mins
Princeton Avenue & Hawthorne Street, Philadelphia, PA 19149, USA : 98 mins
2006 Orthodox Street, Philadelphia, PA 19124, USA : 79 mins
4435 Parrish Street, Philadelphia, PA 19104, USA : 63 mins
1021 South 4th Street, Philadelphia, PA 19147, USA : 65 mins
6019 Germantown Avenue, Philadelphia, PA 19144, USA : 82 mins
Bridge Street & Charles Street, Philadelphia, PA 19124, USA : 79 mins
Parkside Avenue & North 40th Street, Philadelphia, PA 19104, USA : 66 mins
Roosevelt Boulevard & Conwell Avenue, Philadelphia, PA 19114, USA : 108 mins
Pennsylvania College of Optometry, 1300 West Godfrey Avenue, Philadelphia, PA 19141, USA : 86 mins
1701 Locust Street, Philadelphia, PA 19103, USA : 47 mins
7236 Rising Sun Avenue, Philadelphia, PA 19111, USA : 107 mins
1315 Spruce Street, Philadelphia, PA 19107, USA : 53 mins
1648 West Hunting Park Avenue, Philadelphia, PA 19140, USA : 78 mins
1427 Catharine Street, Philadelphia, PA 19146, USA : 51 mins
1104 Welsh Road, Philadelphia, PA 19115, USA : 132 mins
5110 North 6th Street, Philadelphia, PA 19120, USA : 83 mins
North 34th Street & Haverford Avenue, Philadelphia, PA 19104, USA : 53 mins
Ditman Street & Wakeling Street, Philadelphia, PA 19124, USA : 83 mins
Byberry Road & Kelvin Avenue, Philadelphia, PA 19116, USA : 121 mins
953 North 10th Street, Philadelphia, PA 19123, USA : 66 mins
301 West Girard Avenue, Philadelphia, PA 19123, USA : 63 mins
10980 Norcom Road, Philadelphia, PA 19154, USA : 125 mins
University of Pennsylvania, 3820 Locust Walk, Philadelphia, PA 19104, USA : 47 mins
2101 Belmont Avenue, Philadelphia, PA 19131, USA : 75 mins
Diamond Street & North Orkney Street, Philadelphia, PA 19122, USA : 58 mins
225 North 10th Street, Philadelphia, PA 19107, USA : 50 mins
608 Welsh Road, Philadelphia, PA 19115, USA : 130 mins
North 22nd Street & West Clearfield Street, Philadelphia, PA 19132, USA : 75 mins
175 Green Lane, Philadelphia, PA 19127, USA : 73 mins
Midvale Avenue & Conrad Street, Philadelphia, PA 19129, USA : 78 mins
North 5th Street & West Tabor Road, Philadelphia, PA 19120, USA : 81 mins
Ogontz Avenue & 76th Avenue, Philadelphia, PA 19150, USA : 105 mins
7301 Germantown Avenue, Philadelphia, PA 19119, USA : 81 mins
7708 Ogontz Avenue, Philadelphia, PA 19150, USA : 107 mins
627 South 52nd Street, Philadelphia, PA 19143, USA : 62 mins
702 North Marshall Street, Philadelphia, PA 19123, USA : 67 mins
1601 Hellerman Street, Philadelphia, PA 19149, USA : 92 mins
2212 Spruce Street, Philadelphia, PA 19103, USA : 46 mins
4799 Silverwood Street, Philadelphia, PA 19128, USA : 70 mins
1655 Unity Street, Philadelphia, PA 19124, USA : 73 mins
Wayne Avenue & West Johnson Street, Philadelphia, PA 19144, USA : 73 mins
Harbison Avenue & Sanger Street, Philadelphia, PA 19124, USA : 86 mins
Mechanicsville Road & Dunks Ferry Road, Philadelphia, PA 19154, USA : 125 mins
North 16th Street & Diamond Street, Philadelphia, PA 19121, USA : 63 mins
Tyson Avenue & Hawthorne Street, Philadelphia, PA 19149, USA : 96 mins
Alicia Street & Sharon Lane, Philadelphia, PA 19115, USA : 135 mins
4290 Penn Street, Philadelphia, PA 19124, USA : 72 mins
10851 Calera Road, Philadelphia, PA 19154, USA : 120 mins
1600 North 8th Street, Philadelphia, PA 19122, USA : 55 mins
Oxford Avenue & Wakeling Street, Philadelphia, PA 19124, USA : 79 mins
South 22nd Street & Federal Street, Philadelphia, PA 19146, USA : 52 mins
Washington Ln & Limekiln Pk, Philadelphia, PA 19138, USA : 101 mins
7701 Loretto Avenue, Philadelphia, PA 19111, USA : 100 mins
501 King Street, Philadelphia, PA 19144, USA : 66 mins
West Montgomery Avenue & North 23rd Street, Philadelphia, PA 19121, USA : 74 mins
233 South 10th Street, Philadelphia, PA 19107, USA : 52 mins
3001 Levick Street, Philadelphia, PA 19149, USA : 93 mins
7902 Oxford Avenue, Philadelphia, PA 19111, USA : 112 mins
1815 South 11th Street, Philadelphia, PA 19148, USA : 67 mins
509 South 52nd Street, Philadelphia, PA 19143, USA : 62 mins
3201 Magee Avenue, Philadelphia, PA 19149, USA : 91 mins
Cottman Avenue & Algon Avenue, Philadelphia, PA 19111, USA : 104 mins
711 South Broad Street, Philadelphia, PA 19147, USA : 50 mins
2121 North Gratz Street, Philadelphia, PA 19121, USA : 70 mins
401 Lombard Street, Philadelphia, PA 19147, USA : 54 mins
501 Jackson Street, Philadelphia, PA 19148, USA : 73 mins
600 West Girard Avenue, Philadelphia, PA 19123, USA : 68 mins
West Clearfield Street & North Sydenham Street, Philadelphia, PA 19132, USA : 63 mins
2331 West Clearfield Street, Philadelphia, PA 19132, USA : 77 mins
1999 Ridge Avenue, Philadelphia, PA 19121, USA : 66 mins
Baynton Street & Shedaker Street, Philadelphia, PA 19144, USA : 83 mins
1001 Green Street, Philadelphia, PA 19123, USA : 60 mins
6101 Limekiln Pike, Philadelphia, PA 19141, USA : 87 mins
Castor Avenue & Borbeck Avenue, Philadelphia, PA 19152, USA : 98 mins
Holy Family University, Frankford Avenue & Stevenson Lane, Philadelphia, PA 19114, USA : 112 mins
1501 South 10th Street, Philadelphia, PA 19147, USA : 66 mins
Grovers Avenue, Philadelphia, PA, USA : 50 mins
8001 Torresdale Avenue, Philadelphia, PA 19136, USA : 100 mins
8580 Verree Road, Philadelphia, PA 19111, USA : 122 mins
5100 Lebanon Avenue, Philadelphia, PA 19131, USA : 75 mins
South 16th Street & Wharton Street, Philadelphia, PA 19146, USA : 65 mins
1100 North 63rd Street, Philadelphia, PA 19151, USA : 72 mins
7537 Dickens Place, Philadelphia, PA 19153, USA : 54 mins
3200 Primrose Road, Philadelphia, PA 19114, USA : 115 mins
Chester Avenue & South 66th Street, Philadelphia, PA 19142, USA : 44 mins
2139 East Cumberland Street, Philadelphia, PA 19125, USA : 72 mins
Blue Grass Shopping Center, 2425 Welsh Road, Philadelphia, PA 19114, USA : 107 mins
South 47th Street & Locust Street, Philadelphia, PA 19139, USA : 54 mins
2500 South 77th Street, Philadelphia, PA 19153, USA : 53 mins
Torresdale Avenue & East Cheltenham Avenue, Philadelphia, PA 19135, USA : 94 mins
3900 Ford Road, Philadelphia, PA 19131, USA : 80 mins
7811 Frankford Avenue, Philadelphia, PA 19136, USA : 99 mins
100 West Coulter Street, Philadelphia, PA 19144, USA : 78 mins
4201 Comly Street, Philadelphia, PA 19135, USA : 90 mins
East York Street & Trenton Avenue, Philadelphia, PA 19125, USA : 69 mins
West York Street & North 4th Street, Philadelphia, PA 19133, USA : 64 mins
North 5th Street & West Allegheny Avenue, Philadelphia, PA 19133, USA : 68 mins
Chalfont Drive & Deerpath Lane, Philadelphia, PA 19154, USA : 131 mins
3226 Mc Michael Street, Philadelphia, PA 19129, USA : 78 mins
1953 West Nedro Avenue, Philadelphia, PA 19141, USA : 85 mins
924 West Cambria Street, Philadelphia, PA 19133, USA : 65 mins
East Clearfield Street & D Street, Philadelphia, PA 19134, USA : 70 mins
East Rittenhouse Street & McMahon Street, Philadelphia, PA 19144, USA : 94 mins
169 West Wyoming Avenue, Philadelphia, PA 19140, USA : 85 mins
2212 East Susquehanna Avenue, Philadelphia, PA 19125, USA : 68 mins
6000 Rising Sun Avenue, Philadelphia, PA 19111, USA : 99 mins
4800 Baltimore Avenue, Philadelphia, PA 19143, USA : 56 mins
North 22nd Street & Parrish Street, Philadelphia, PA 19130, USA : 65 mins
6415 Musgrave Street, Philadelphia, PA 19119, USA : 88 mins
6400 Greene Street, Philadelphia, PA 19119, USA : 71 mins
University of Pennsylvania, 3910 Irving Street, Philadelphia, PA 19104, USA : 48 mins
1101 North 63rd Street, Philadelphia, PA 19151, USA : 72 mins
East Erie Avenue & J Street, Philadelphia, PA 19124, USA : 76 mins
Tulip Street & Wakeling Street, Philadelphia, PA 19124, USA : 84 mins
2308 Snyder Avenue, Philadelphia, PA 19145, USA : 57 mins
West Jefferson Street & North 26th Street, Philadelphia, PA 19121, USA : 67 mins
2411 North 11th Street, Philadelphia, PA 19133, USA : 60 mins
220 West Upsal Street, Philadelphia, PA 19119, USA : 72 mins
North 51st Street & Reno Street, Philadelphia, PA 19139, USA : 60 mins
West Allegheny Avenue & North 26th Street, Philadelphia, PA 19129, USA : 77 mins
East Wyoming Avenue & B Street, Philadelphia, PA 19120, USA : 93 mins
7725 Bingham Street, Philadelphia, PA 19111, USA : 119 mins
2832 North 28th Street, Philadelphia, PA 19132, USA : 71 mins
3416 West Allegheny Avenue, Philadelphia, PA 19132, USA : 74 mins
A Street & East Spencer Street, Philadelphia, PA 19120, USA : 93 mins
1401 South 16th Street, Philadelphia, PA 19146, USA : 66 mins
South 13th Street & West Porter Street, Philadelphia, PA 19148, USA : 69 mins
North Hancock Street & West Susquehanna Avenue, Philadelphia, PA 19122, USA : 67 mins
167 West Allegheny Avenue, Philadelphia, PA 19140, USA : 74 mins
2100 Dickinson Street, Philadelphia, PA 19146, USA : 56 mins
4417 North 6th Street, Philadelphia, PA 19140, USA : 79 mins
North 54th Street & West Berks Street, Philadelphia, PA 19131, USA : 74 mins
North 16th Street & Chelten Avenue, Philadelphia, PA 19126, USA : 88 mins
South 20th Street & Catharine Street, Philadelphia, PA 19146, USA : 46 mins
Christian Street & South 56th Street, Philadelphia, PA 19143, USA : 62 mins
5800 Spruce Street, Philadelphia, PA 19139, USA : 60 mins
South 11th Street & Catharine Street, Philadelphia, PA 19147, USA : 52 mins
3333 Walnut Street, Philadelphia, PA 19104, USA : 39 mins
5359 Lebanon Avenue, Philadelphia, PA 19131, USA : 75 mins
Ardleigh Street & East Gowen Avenue, Philadelphia, PA 19119, USA : 87 mins
158 North 23rd Street, Philadelphia, PA 19103, USA : 45 mins
400 Winona Street, Philadelphia, PA 19144, USA : 71 mins
7163 Stenton Avenue, Philadelphia, PA 19138, USA : 93 mins
1801 John F Kennedy Boulevard, Philadelphia, PA 19103, USA : 41 mins
North 18th Street & West Oxford Street, Philadelphia, PA 19121, USA : 67 mins
7901 Henry Avenue, Philadelphia, PA 19128, USA : 75 mins
North 60th Street & West Columbia Avenue, Philadelphia, PA 19151, USA : 69 mins
2122 Chelten Avenue, Philadelphia, PA 19138, USA : 91 mins
2501 Lombard Street, Philadelphia, PA 19146, USA : 42 mins
4500 Linden Avenue, Philadelphia, PA 19114, USA : 114 mins
Westminster Avenue & North 43rd Street, Philadelphia, PA 19104, USA : 63 mins
Blue Grass Shopping Center, 2425 Welsh Road, Philadelphia, PA 19114, USA : 107 mins
2369 Orthodox Street, Philadelphia, PA 19137, USA : 85 mins
Haverford Avenue & West Woodbine Avenue, Philadelphia, PA 19151, USA : 66 mins
Elmwood Avenue & South 66th Street, Philadelphia, PA 19142, USA : 46 mins
3226 Clifford Street, Philadelphia, PA 19121, USA : 63 mins
South Broad Street & Snyder Avenue, Philadelphia, PA 19145, USA : 64 mins
Baltimore Avenue & South 53rd Street, Philadelphia, PA 19143, USA : 59 mins
3150 North Mascher Street, Philadelphia, PA 19133, USA : 76 mins
122 West Erie Avenue, Philadelphia, PA 19140, USA : 78 mins
5543 Haverford Avenue, Philadelphia, PA 19139, USA : 59 mins
2601 Pennsylvania Avenue, Philadelphia, PA 19130, USA : 56 mins
8500 Bustleton Avenue, Philadelphia, PA 19152, USA : 104 mins
11201 Academy Road, Philadelphia, PA 19154, USA : 118 mins
East Gowen Avenue & Provident Road, Philadelphia, PA 19150, USA : 100 mins
7210 Ogontz Avenue, Philadelphia, PA 19138, USA : 101 mins
Cottman Avenue & Torresdale Avenue, Philadelphia, PA 19135, USA : 102 mins
520 North 61st Street, Philadelphia, PA 19151, USA : 67 mins
South 56th Street & Kingsessing Avenue, Philadelphia, PA 19143, USA : 63 mins
631 North 39th Street, Philadelphia, PA 19104, USA : 57 mins
600 East Cathedral Road, Philadelphia, PA 19128, USA : 74 mins
3116 Frankford Avenue, Philadelphia, PA 19134, USA : 74 mins
3949 North Broad Street, Philadelphia, PA 19140, USA : 78 mins
6376 City Avenue, Philadelphia, PA 19151, USA : 63 mins
400 West Ellet Street, Philadelphia, PA 19119, USA : 76 mins
1815 South 8th Street, Philadelphia, PA 19148, USA : 72 mins
Righter Street & East Salaignac Street, Philadelphia, PA 19128, USA : 63 mins
701 South 5th Street, Philadelphia, PA 19147, USA : 55 mins
5648 Chew Avenue, Philadelphia, PA 19138, USA : 94 mins
11024 Knights Road, Philadelphia, PA 19154, USA : 127 mins
13073 Bustleton Avenue, Philadelphia, PA 19116, USA : 114 mins
400 North 50th Street, Philadelphia, PA 19139, USA : 59 mins
927 Johnston Street, Philadelphia, PA 19148, USA : 71 mins
East Chelten Avenue & Sprague Street, Philadelphia, PA 19138, USA : 94 mins
4634 Frankford Avenue, Philadelphia, PA 19124, USA : 72 mins
839 North Woodstock Street, Philadelphia, PA 19130, USA : 63 mins
6657 Ogontz Avenue, Philadelphia, PA 19126, USA : 102 mins
1920 South 20th Street, Philadelphia, PA 19145, USA : 62 mins
West York Street & North 26th Street, Philadelphia, PA 19132, USA : 80 mins
7200 Woodland Avenue, Philadelphia, PA 19142, USA : 48 mins
4035 Parrish Street, Philadelphia, PA 19104, USA : 59 mins
5120 Chestnut Street, Philadelphia, PA 19139, USA : 51 mins
Walnut Street & South 58th Street, Philadelphia, PA 19139, USA : 53 mins
North 17th Street & West Norris Street, Philadelphia, PA 19121, USA : 62 mins
1728 South 2nd Street, Philadelphia, PA 19148, USA : 71 mins
719 Catharine Street, Philadelphia, PA 19147, USA : 56 mins
10400 East Roosevelt Boulevard, Philadelphia, PA 19116, USA : 115 mins
801 East Hunting Park Avenue, Philadelphia, PA 19124, USA : 87 mins
51 South Front Street, Philadelphia, PA 19106, USA : 56 mins
230 North 57th Street, Philadelphia, PA 19139, USA : 57 mins
East Upsal Street & Chew Avenue, Philadelphia, PA 19119, USA : 89 mins
8900 Roosevelt Boulevard, Philadelphia, PA 19115, USA : 102 mins
1915 North 11th Street, Philadelphia, PA 19122, USA : 51 mins
1500 West Olney Avenue, Philadelphia, PA 19141, USA : 75 mins
Rhawn Street & Ditman Street, Philadelphia, PA 19136, USA : 101 mins
2150 South 3rd Street, Philadelphia, PA 19148, USA : 73 mins
Ridge Avenue & Jamestown Street, Philadelphia, PA 19128, USA : 61 mins
West Berks Street & North 30th Street, Philadelphia, PA 19121, USA : 68 mins
South 58th Street & Willows Avenue, Philadelphia, PA 19143, USA : 51 mins
East Elkhart Street & Helen Street, Philadelphia, PA 19134, USA : 73 mins
5732 Race Street, Philadelphia, PA 19139, USA : 57 mins
1724 Christian Street, Philadelphia, PA 19146, USA : 50 mins
1424 Clearview Street, Philadelphia, PA 19141, USA : 77 mins
Media Street & North 58th Street, Philadelphia, PA 19131, USA : 72 mins
7600 Roosevelt Boulevard, Philadelphia, PA 19152, USA : 100 mins
1013 Ellsworth Street, Philadelphia, PA 19147, USA : 64 mins
Reed Street & South 23rd Street, Philadelphia, PA 19146, USA : 53 mins
6001 Colgate Street, Philadelphia, PA 19111, USA : 100 mins
East Johnson Street & Morton Street, Philadelphia, PA 19144, USA : 84 mins
Bustleton Avenue & Haldeman Avenue, Philadelphia, PA 19115, USA : 114 mins
67 North 63rd Street, Philadelphia, PA 19139, USA : 55 mins
1200 South Broad Street, Philadelphia, PA 19146, USA : 61 mins
6942 Woodland Avenue, Philadelphia, PA 19142, USA : 47 mins
6135 Market Street, Philadelphia, PA 19139, USA : 55 mins
West Clearfield Street & North 27th Street, Philadelphia, PA 19132, USA : 73 mins
325 North 39th Street, Philadelphia, PA 19104, USA : 52 mins
Chesworth Road & Bartlett Street, Philadelphia, PA 19115, USA : 126 mins
401 East Tabor Road, Philadelphia, PA 19120, USA : 93 mins
6820 Jackson Street, Philadelphia, PA 19135, USA : 100 mins
21 West Washington Lane, Philadelphia, PA 19144, USA : 81 mins
4601 Richmond Street, Philadelphia, PA 19137, USA : 96 mins
854 North 24th Street, Philadelphia, PA 19130, USA : 61 mins
East Cheltenham Avenue & Charles Street, Philadelphia, PA 19135, USA : 84 mins
7630 West Woodbine Avenue, Philadelphia, PA 19151, USA : 69 mins
Grant Avenue & Krewstown Road, Philadelphia, PA 19115, USA : 119 mins
North 48th Street & Fairmount Avenue, Philadelphia, PA 19139, USA : 62 mins
4508 Sansom Street, Philadelphia, PA 19139, USA : 53 mins
2990 Holme Avenue, Philadelphia, PA 19136, USA : 101 mins
1240 North 10th Street, Philadelphia, PA 19122, USA : 60 mins
800 Walnut Lane, Philadelphia, PA 19128, USA : 68 mins
2354 North Mascher Street, Philadelphia, PA 19133, USA : 64 mins
Mechanicsville Road & Dunks Ferry Road, Philadelphia, PA 19154, USA : 125 mins
175 Green Lane, Philadelphia, PA 19127, USA : 73 mins
8724 Crispin Street, Philadelphia, PA 19136, USA : 109 mins
8600 Verree Road, Philadelphia, PA 19115, USA : 123 mins
South 19th Street & Ellsworth Street, Philadelphia, PA 19146, USA : 53 mins
659 North 56th Street, Philadelphia, PA 19131, USA : 62 mins
2364 East Cumberland Street, Philadelphia, PA 19125, USA : 75 mins
Academy Road & Comly Road, Philadelphia, PA 19154, USA : 117 mins
1510 West Stiles Street, Philadelphia, PA 19121, USA : 64 mins
1605 West Rockland Street, Philadelphia, PA 19141, USA : 80 mins
South 80th Street & Mars Place, Philadelphia, PA 19153, USA : 59 mins
2601 South 11th Street, Philadelphia, PA 19148, USA : 69 mins
5622 North 5th Street, Philadelphia, PA 19120, USA : 79 mins
5701 Grays Avenue, Philadelphia, PA 19143, USA : 61 mins
201 South 21st Street, Philadelphia, PA 19103, USA : 49 mins
Brookview Road & Hawley Road, Philadelphia, PA 19154, USA : 122 mins
1701 West Lehigh Avenue, Philadelphia, PA 19132, USA : 69 mins
3201 Ryan Avenue, Philadelphia, PA 19136, USA : 100 mins
Robbins Street & Hawthorne Street, Philadelphia, PA 19149, USA : 90 mins
5136 Belfield Avenue, Philadelphia, PA 19144, USA : 92 mins
7600 Stenton Avenue, Philadelphia, PA 19118, USA : 102 mins
Castor Avenue & East Cayuga Street, Philadelphia, PA 19124, USA : 81 mins
6200 Rising Sun Avenue, Philadelphia, PA 19111, USA : 101 mins
7200 Roosevelt Boulevard, Philadelphia, PA 19149, USA : 94 mins
1600 Arch Street, Philadelphia, PA 19103, USA : 41 mins
25 West Johnson Street, Philadelphia, PA 19144, USA : 80 mins
934 Alburger Avenue, Philadelphia, PA 19115, USA : 128 mins
11099 Knights Road, Philadelphia, PA 19154, USA : 128 mins
1425 North 23rd Street, Philadelphia, PA 19121, USA : 72 mins
East Girard Avenue & East Montgomery Avenue, Philadelphia, PA 19125, USA : 68 mins
6400 Ridge Avenue, Philadelphia, PA 19128, USA : 67 mins
6549 Ogontz Avenue, Philadelphia, PA 19126, USA : 100 mins
North 12th Street & Oak Lane, Philadelphia, PA 19126, USA : 100 mins
401 East Tabor Road, Philadelphia, PA 19120, USA : 93 mins
Drexel University, 25 North 33rd Street, Philadelphia, PA 19104, USA : 44 mins
242 Fitzwater Street, Philadelphia, PA 19147, USA : 58 mins
12273 Townsend Road, Philadelphia, PA 19154, USA : 134 mins
South 24th Street & Jackson Street, Philadelphia, PA 19145, USA : 59 mins
128 Cotton Street, Philadelphia, PA 19127, USA : 73 mins
4523 Chester Avenue, Philadelphia, PA 19143, USA : 57 mins
4837 Frankford Avenue, Philadelphia, PA 19124, USA : 74 mins
Summerdale Avenue & Longshore Avenue, Philadelphia, PA 19111, USA : 99 mins
East Mount Pleasant Avenue & Woolston Avenue, Philadelphia, PA 19150, USA : 100 mins
1828 West Tioga Street, Philadelphia, PA 19140, USA : 78 mins
Frankford Avenue & Linden Avenue, Philadelphia, PA 19114, USA : 110 mins
2600 West Susquehanna Avenue, Philadelphia, PA 19121, USA : 75 mins
North 22nd Street & West Norris Street, Philadelphia, PA 19121, USA : 74 mins
6250 Harbison Avenue, Philadelphia, PA 19149, USA : 90 mins
North 54th Street & Wynnefield Avenue, Philadelphia, PA 19131, USA : 68 mins
7001 Torresdale Avenue, Philadelphia, PA 19135, USA : 99 mins
East Cayuga Street & J Street, Philadelphia, PA 19124, USA : 89 mins
236 Richmond Street, Philadelphia, PA 19125, USA : 65 mins
East Chelten Avenue & Baynton Street, Philadelphia, PA 19144, USA : 81 mins
5301 Ridge Avenue, Philadelphia, PA 19128, USA : 59 mins
4400 Aspen Street, Philadelphia, PA 19104, USA : 58 mins
2707 Federal Street, Philadelphia, PA 19146, USA : 52 mins
755 North 24th Street, Philadelphia, PA 19130, USA : 58 mins
4400 Baltimore Avenue, Philadelphia, PA 19104, USA : 54 mins
North 24th Street & Wallace Street, Philadelphia, PA 19130, USA : 56 mins
5577 North Hill Creek Drive, Philadelphia, PA 19120, USA : 91 mins
Powelton Avenue & North 36th Street, Philadelphia, PA 19104, USA : 53 mins
3301 Cottman Avenue, Philadelphia, PA 19149, USA : 101 mins
908 West Godfrey Avenue, Philadelphia, PA 19141, USA : 84 mins
6445 Germantown Avenue, Philadelphia, PA 19119, USA : 80 mins
2218 Glendale Avenue, Philadelphia, PA 19152, USA : 100 mins
2233 West Allegheny Avenue, Philadelphia, PA 19132, USA : 78 mins
Magee Avenue & Keystone Street, Philadelphia, PA 19135, USA : 99 mins
1127 West Loudon Street, Philadelphia, PA 19141, USA : 78 mins
West Glenwood Avenue & North 29th Street, Philadelphia, PA 19121, USA : 68 mins
6100 North 21st Street, Philadelphia, PA 19138, USA : 89 mins
Aramingo Avenue & East Lehigh Avenue, Philadelphia, PA 19125, USA : 78 mins
University of Pennsylvania, 3948 Walnut Street, Philadelphia, PA 19104, USA : 50 mins
North 10th Street & West Pike Street, Philadelphia, PA 19140, USA : 79 mins
2800 North American Street, Philadelphia, PA 19133, USA : 70 mins
7800 Rowland Avenue, Philadelphia, PA 19136, USA : 104 mins
711 Spring Garden Street, Philadelphia, PA 19123, USA : 66 mins
North 9th Street & Lindley Avenue, Philadelphia, PA 19141, USA : 84 mins
Stenton Avenue & East Gowen Avenue, Philadelphia, PA 19150, USA : 104 mins
9222 Horatio Road, Philadelphia, PA 19114, USA : 113 mins
South 17th Street & Fitzwater Street, Philadelphia, PA 19146, USA : 47 mins
1401 North 60th Street, Philadelphia, PA 19151, USA : 71 mins
Lancaster Avenue & North 63rd Street, Philadelphia, PA 19151, USA : 65 mins
1814 Wharton Street, Philadelphia, PA 19146, USA : 55 mins
Holme Avenue & Convent Avenue, Philadelphia, PA 19136, USA : 111 mins
1001 West Hunting Park Avenue, Philadelphia, PA 19140, USA : 82 mins
1901 72nd Avenue, Philadelphia, PA 19138, USA : 97 mins
Bustleton Avenue & Tomlinson Road, Philadelphia, PA 19116, USA : 120 mins
11047 Bustleton Avenue, Philadelphia, PA 19116, USA : 120 mins
7199 Brant Place, Philadelphia, PA 19153, USA : 55 mins
Spruce Street & South 57th Street, Philadelphia, PA 19139, USA : 60 mins
1536 North 59th Street, Philadelphia, PA 19151, USA : 72 mins
1030 Belmont Avenue, Philadelphia, PA 19104, USA : 67 mins
808 Red Lion Road, Philadelphia, PA 19115, USA : 120 mins
4901 Chestnut Street, Philadelphia, PA 19139, USA : 55 mins
2309 Carpenter Street, Philadelphia, PA 19146, USA : 48 mins
1127 West Loudon Street, Philadelphia, PA 19141, USA : 78 mins
Wayne Avenue & West Logan Street, Philadelphia, PA 19144, USA : 76 mins
Foulkrod Street & Darrah Street, Philadelphia, PA 19124, USA : 74 mins
5440 North American Street, Philadelphia, PA 19120, USA : 86 mins
South 70th Street & Buist Avenue, Philadelphia, PA 19142, USA : 51 mins
Grakyn Lane & Wissahickon Avenue, Philadelphia, PA 19128, USA : 83 mins
1701 North 8th Street, Philadelphia, PA 19122, USA : 53 mins
Callowhill Street & North 65th Street, Philadelphia, PA 19139, USA : 65 mins
South 54th Street & Warrington Avenue, Philadelphia, PA 19143, USA : 63 mins
1660 North 62nd Street, Philadelphia, PA 19151, USA : 68 mins
North Broad Street & West Erie Avenue, Philadelphia, PA 19140, USA : 69 mins
2646 Kensington Avenue, Philadelphia, PA 19125, USA : 64 mins
4950 Parkside Avenue, Philadelphia, PA 19131, USA : 69 mins
4101 Chalfont Drive, Philadelphia, PA 19154, USA : 129 mins
North 17th Street, Philadelphia, PA, USA : 54 mins
1530 Fitzwater Street, Philadelphia, PA 19146, USA : 49 mins
257 South 45th Street, Philadelphia, PA 19104, USA : 55 mins
50 North 52nd Street, Philadelphia, PA 19139, USA : 50 mins
1625 North 76th Street, Philadelphia, PA 19151, USA : 69 mins
Bowler Street & Hoff Street, Philadelphia, PA 19115, USA : 116 mins
Cottman Avenue & Lawndale Avenue, Philadelphia, PA 19111, USA : 117 mins
2000 South 58th Street, Philadelphia, PA 19143, USA : 64 mins
2649 East Somerset Street, Philadelphia, PA 19134, USA : 74 mins
642 North 41st Street, Philadelphia, PA 19104, USA : 60 mins
201 East Olney Avenue, Philadelphia, PA 19120, USA : 92 mins
South 18th Street & Johnston Street, Philadelphia, PA 19145, USA : 66 mins
2116 East Haines Street, Philadelphia, PA 19138, USA : 91 mins
12003 Bustleton Avenue, Philadelphia, PA 19116, USA : 116 mins
3117 Longshore Avenue, Philadelphia, PA 19149, USA : 98 mins
1410 South 20th Street, Philadelphia, PA 19146, USA : 59 mins
3049 South 74th Street, Philadelphia, PA 19153, USA : 60 mins
5478 Arlington Street, Philadelphia, PA 19131, USA : 77 mins
201 Fountain Street, Philadelphia, PA 19128, USA : 73 mins
Cottage Street & Bleigh Avenue, Philadelphia, PA 19136, USA : 101 mins
6025 Erdrick Street, Philadelphia, PA 19135, USA : 93 mins
Crittenden Street & East Johnson Street, Philadelphia, PA 19138, USA : 100 mins
4343 Princeton Avenue, Philadelphia, PA 19135, USA : 98 mins
West York Street & North 18th Street, Philadelphia, PA 19132, USA : 72 mins
603 Longshore Avenue, Philadelphia, PA 19111, USA : 108 mins
Germantown Avenue & East Sedgwick Street, Philadelphia, PA 19119, USA : 80 mins
235 Cotton Street, Philadelphia, PA 19128, USA : 69 mins
1962 Penfield Street, Philadelphia, PA 19138, USA : 104 mins
Ridge Avenue & North 32nd Street, Philadelphia, PA 19121, USA : 66 mins
560 North 20th Street, Philadelphia, PA 19130, USA : 57 mins
Large Street & Arrott Street, Philadelphia, PA 19124, USA : 80 mins
University of Pennsylvania, 3609 Chestnut Street, Philadelphia, PA 19104, USA : 45 mins
3301 Mechanicsville Road, Philadelphia, PA 19154, USA : 127 mins
543 West Courtland Street, Philadelphia, PA 19140, USA : 79 mins
601 West Allens Lane, Philadelphia, PA 19119, USA : 84 mins
East Ontario Street & Belgrade Street, Philadelphia, PA 19134, USA : 83 mins
1628 West Allegheny Avenue, Philadelphia, PA 19132, USA : 68 mins
800 North 8th Street, Philadelphia, PA 19123, USA : 65 mins
East Tioga Street & Gaul Street, Philadelphia, PA 19134, USA : 82 mins
South 7th Street & Delancey Street, Philadelphia, PA 19106, USA : 56 mins
Greenway Avenue & South 51st Street, Philadelphia, PA 19143, USA : 57 mins
Verree Road & Alburger Avenue, Philadelphia, PA 19115, USA : 125 mins
4828 Baltimore Avenue, Philadelphia, PA 19143, USA : 57 mins
West Erie Avenue & North Randolph Street, Philadelphia, PA 19140, USA : 72 mins
Andorra Shopping Center, 705 East Cathedral Road, Philadelphia, PA 19128, USA : 75 mins
5411 Oxford Avenue, Philadelphia, PA 19124, USA : 84 mins
5501 Market Street, Philadelphia, PA 19139, USA : 54 mins
1013 Cottman Avenue, Philadelphia, PA 19111, USA : 108 mins
4159 West Girard Avenue, Philadelphia, PA 19104, USA : 65 mins
Dickinson Street & South 28th Street, Philadelphia, PA 19146, USA : 57 mins
1630 Welsh Road, Philadelphia, PA 19115, USA : 113 mins
1401 East Susquehanna Avenue, Philadelphia, PA 19125, USA : 71 mins
West Thompson Street & North 26th Street, Philadelphia, PA 19121, USA : 63 mins
1500 East Hunting Park Avenue, Philadelphia, PA 19124, USA : 74 mins
Francis Street & Shirley Street, Philadelphia, PA 19130, USA : 62 mins
1221 Fairmount Avenue, Philadelphia, PA 19123, USA : 61 mins
Market Street & South 43rd Street, Philadelphia, PA 19104, USA : 52 mins
L Street & East Sedgley Avenue, Philadelphia, PA 19134, USA : 73 mins
7976 Oxford Avenue, Philadelphia, PA 19111, USA : 113 mins
South Broad Street & Tasker Street, Philadelphia, PA 19146, USA : 62 mins
2320 Cecil B. Moore Avenue, Philadelphia, PA 19121, USA : 74 mins
5501 North 11th Street, Philadelphia, PA 19141, USA : 80 mins
5200 Linden Avenue, Philadelphia, PA 19114, USA : 116 mins
2426 North 2nd Street, Philadelphia, PA 19133, USA : 67 mins
Snyder Avenue & South 6th Street, Philadelphia, PA 19148, USA : 75 mins
West Oxford Street & North 10th Street, Philadelphia, PA 19122, USA : 55 mins
5920 Morton Street, Philadelphia, PA 19144, USA : 89 mins
4800 Whitaker Avenue, Philadelphia, PA 19124, USA : 98 mins
20 East Mermaid Lane, Philadelphia, PA 19118, USA : 86 mins
2428 North Fairhill Street, Philadelphia, PA 19133, USA : 64 mins
North 61st Street & West Jefferson Street, Philadelphia, PA 19151, USA : 69 mins
6143 Lansdowne Avenue, Philadelphia, PA 19151, USA : 73 mins
3301 South 20th Street, Philadelphia, PA 19145, USA : 66 mins
Pulaski Avenue & Hansberry Street, Philadelphia, PA 19144, USA : 72 mins
2400 Chestnut Street, Philadelphia, PA 19103, USA : 43 mins
8301 Roosevelt Boulevard, Philadelphia, PA 19152, USA : 99 mins
West Thompson Street & North 28th Street, Philadelphia, PA 19121, USA : 61 mins
Frankford Avenue & Hartel Avenue, Philadelphia, PA 19136, USA : 98 mins
2101 Strahle Street, Philadelphia, PA 19152, USA : 105 mins
South 4th Street & West Shunk Street, Philadelphia, PA 19148, USA : 73 mins
North 11th Street & Oak Lane, Philadelphia, PA 19126, USA : 99 mins
1304 Rhawn Street, Philadelphia, PA 19111, USA : 113 mins
6611 Ardleigh Street, Philadelphia, PA 19119, USA : 95 mins
South 10th Street & Lombard Street, Philadelphia, PA 19147, USA : 51 mins
250 Reed Street, Philadelphia, PA 19147, USA : 67 mins
8398 Lindbergh Boulevard, Philadelphia, PA 19153, USA : 57 mins
286 South 62nd Street, Philadelphia, PA 19139, USA : 62 mins
1807 Penfield Street, Philadelphia, PA 19126, USA : 92 mins
Memphis Street & East Ann Street, Philadelphia, PA 19134, USA : 81 mins
101 West Highland Avenue, Philadelphia, PA 19118, USA : 81 mins
2446 Coral Street, Philadelphia, PA 19125, USA : 68 mins
401 Martin Street, Philadelphia, PA 19128, USA : 67 mins
7060 City Avenue, Philadelphia, PA 19151, USA : 78 mins
North 21st Street & West Chew Avenue, Philadelphia, PA 19138, USA : 99 mins
610 East Mount Pleasant Avenue, Philadelphia, PA 19119, USA : 94 mins
1009 Unruh Avenue, Philadelphia, PA 19111, USA : 100 mins
9151 Academy Road, Philadelphia, PA 19114, USA : 113 mins
North 6th Street & West Spencer Street, Philadelphia, PA 19120, USA : 84 mins
3600 North Broad Street, Philadelphia, PA 19140, USA : 73 mins
600 West Cheltenham Avenue, Philadelphia, PA 19126, USA : 95 mins
9699 Academy Road, Philadelphia, PA 19114, USA : 109 mins
East Gowen Avenue & Provident Road, Philadelphia, PA 19150, USA : 100 mins
West Lehigh Avenue, Philadelphia, PA, USA : 67 mins
68 West Chelten Avenue, Philadelphia, PA 19144, USA : 73 mins
6101 Frankford Avenue, Philadelphia, PA 19135, USA : 88 mins
1201 South 51st Street, Philadelphia, PA 19143, USA : 54 mins
7756 Ditman Street, Philadelphia, PA 19136, USA : 104 mins
South 52nd Street & Willows Avenue, Philadelphia, PA 19143, USA : 61 mins
Algon Av & Fox Chase Rd, Philadelphia, PA 19152, USA : 113 mins
6212 Walnut Street, Philadelphia, PA 19139, USA : 59 mins
3125 Reed Street, Philadelphia, PA 19146, USA : 55 mins
5429 Chestnut Street, Philadelphia, PA 19139, USA : 54 mins
111 North 49th Street, Philadelphia, PA 19139, USA : 57 mins
East Thompson Street & East Palmer Street, Philadelphia, PA 19125, USA : 68 mins
3815 Terrace Street, Philadelphia, PA 19128, USA : 59 mins
2843 Orthodox Street, Philadelphia, PA 19137, USA : 92 mins
1400 Aldine Street, Philadelphia, PA 19111, USA : 114 mins
928 South 7th Street, Philadelphia, PA 19147, USA : 58 mins
2301 Tremont Street, Philadelphia, PA 19115, USA : 105 mins
259 South 52nd Street, Philadelphia, PA 19139, USA : 55 mins
Bustleton Avenue & Verree Road, Philadelphia, PA 19116, USA : 120 mins
7909 Ogontz Avenue, Philadelphia, PA 19150, USA : 105 mins
Summerdale Avenue & East Godfrey Avenue, Philadelphia, PA 19124, USA : 96 mins
East Tioga Street & J Street, Philadelphia, PA 19134, USA : 68 mins
6179 Hegerman Street, Philadelphia, PA 19135, USA : 97 mins
216 West Somerset Street, Philadelphia, PA 19133, USA : 70 mins
5450 Wissahickon Avenue, Philadelphia, PA 19144, USA : 68 mins
32 Washington Avenue, Philadelphia, PA 19147, USA : 67 mins
Brookview Road & Hawley Road, Philadelphia, PA 19154, USA : 122 mins
2401 Pennsylvania Avenue, Philadelphia, PA 19130, USA : 55 mins
North Front Street & East Godfrey Avenue, Philadelphia, PA 19120, USA : 93 mins
Shawmont Avenue & Eva Street, Philadelphia, PA 19128, USA : 71 mins
6900 Greenway Avenue, Philadelphia, PA 19142, USA : 44 mins
University of Pennsylvania, 201 South 40th Street, Philadelphia, PA 19104, USA : 50 mins
212 Washington Avenue, Philadelphia, PA 19147, USA : 66 mins
Torresdale Avenue & Devereaux Street, Philadelphia, PA 19135, USA : 96 mins
2230 Cottman Avenue, Philadelphia, PA 19149, USA : 96 mins
6309 Torresdale Avenue, Philadelphia, PA 19135, USA : 97 mins
Rowland Avenue & Wellington Street, Philadelphia, PA 19149, USA : 100 mins
6945 Germantown Avenue, Philadelphia, PA 19119, USA : 79 mins
11301 Academy Road, Philadelphia, PA 19154, USA : 120 mins
Rising Sun Avenue & East Cheltenham Avenue, Philadelphia, PA 19120, USA : 98 mins
6545 Rising Sun Avenue, Philadelphia, PA 19111, USA : 103 mins
East Allegheny Avenue & B Street, Philadelphia, PA 19134, USA : 76 mins
7105 Limekiln Pike, Philadelphia, PA 19138, USA : 104 mins
1900 John F Kennedy Boulevard, Philadelphia, PA 19103, USA : 43 mins
2330 Margaret Street, Philadelphia, PA 19137, USA : 86 mins
1919 Chestnut Street, Philadelphia, PA 19103, USA : 47 mins
5620 Wyalusing Avenue, Philadelphia, PA 19131, USA : 61 mins
Summerdale Avenue & Shelmire Avenue, Philadelphia, PA 19111, USA : 103 mins
North 59th Street & Race Street, Philadelphia, PA 19139, USA : 58 mins
1701 North 8th Street, Philadelphia, PA 19122, USA : 53 mins
3701 Conshohocken Avenue, Philadelphia, PA 19131, USA : 76 mins
5700 Wayne Avenue, Philadelphia, PA 19144, USA : 70 mins
2521 North 23rd Street, Philadelphia, PA 19132, USA : 76 mins
7212 Keystone Street, Philadelphia, PA 19135, USA : 101 mins
2808 West Lehigh Avenue, Philadelphia, PA 19132, USA : 70 mins
6950 Germantown Avenue, Philadelphia, PA 19119, USA : 79 mins
South 4th Street & West Porter Street, Philadelphia, PA 19148, USA : 72 mins
North 19th Street & West Butler Street, Philadelphia, PA 19140, USA : 83 mins
3745 Clarendon Avenue, Philadelphia, PA 19114, USA : 118 mins
5843 Spruce Street, Philadelphia, PA 19139, USA : 61 mins
9355 State Road, Philadelphia, PA 19114, USA : 111 mins
5305 North 15th Street, Philadelphia, PA 19141, USA : 80 mins
Rising Sun Avenue & Comly Street, Philadelphia, PA 19111, USA : 99 mins
Academy Road & Torrey Road, Philadelphia, PA 19154, USA : 120 mins
Robbins Street & Frontenac Street, Philadelphia, PA 19111, USA : 92 mins
6300 Old York Road, Philadelphia, PA 19141, USA : 87 mins
Frankford Avenue & East Ontario Street, Philadelphia, PA 19134, USA : 74 mins
West Ontario Street & North Howard Street, Philadelphia, PA 19140, USA : 77 mins
4445 Holden Street, Philadelphia, PA 19104, USA : 56 mins
North 12th Street & West Cambria Street, Philadelphia, PA 19133, USA : 68 mins
North 15th Street & Green Street, Philadelphia, PA 19130, USA : 58 mins
400 Catharine Street, Philadelphia, PA 19147, USA : 57 mins
Cottman Avenue & Erdrick Street, Philadelphia, PA 19135, USA : 97 mins
2500 Wharton Street, Philadelphia, PA 19146, USA : 56 mins
2603 North 5th Street, Philadelphia, PA 19133, USA : 64 mins
2500 West Norris Street, Philadelphia, PA 19121, USA : 79 mins
1100 Poplar Street, Philadelphia, PA 19123, USA : 63 mins
5219 Wynnefield Avenue, Philadelphia, PA 19131, USA : 70 mins
Woolston Avenue & East Walnut Lane, Philadelphia, PA 19138, USA : 100 mins
North 8th Street & West Cumberland Street, Philadelphia, PA 19133, USA : 62 mins
300 Snyder Avenue, Philadelphia, PA 19148, USA : 73 mins
509 South Broad Street, Philadelphia, PA 19147, USA : 49 mins
North Hancock Street & Master Street, Philadelphia, PA 19122, USA : 64 mins
Oakford Street & South 30th Street, Philadelphia, PA 19146, USA : 51 mins
2808 West Thompson Street, Philadelphia, PA 19121, USA : 62 mins
7200 North 21st Street, Philadelphia, PA 19138, USA : 102 mins
5111 North 4th Street, Philadelphia, PA 19120, USA : 83 mins
Snyder Avenue & South 4th Street, Philadelphia, PA 19148, USA : 71 mins
5801 Ogontz Avenue, Philadelphia, PA 19141, USA : 82 mins
Almond Street & East Indiana Avenue, Philadelphia, PA 19134, USA : 78 mins
Brown Street & North 41st Street, Philadelphia, PA 19104, USA : 58 mins
1401 North 6th Street, Philadelphia, PA 19122, USA : 63 mins
Haverford Avenue & North 46th Street, Philadelphia, PA 19104, USA : 53 mins
2104 West Venango Street, Philadelphia, PA 19140, USA : 82 mins
410 Wharton Street, Philadelphia, PA 19147, USA : 69 mins
500 East Chelten Avenue, Philadelphia, PA 19144, USA : 91 mins
South 22nd Street & McClellan Street, Philadelphia, PA 19145, USA : 58 mins
201 North 61st Street, Philadelphia, PA 19139, USA : 60 mins
Old York Road & West Loudon Street, Philadelphia, PA 19141, USA : 75 mins
4501 G Street, Philadelphia, PA 19120, USA : 92 mins
4247 Locust Street, Philadelphia, PA 19104, USA : 55 mins
4344 North 5th Street, Philadelphia, PA 19140, USA : 77 mins
Media Street & Edgemore Road, Philadelphia, PA 19151, USA : 59 mins
Aramingo Av & Huntingdon St, Philadelphia, PA 19125, USA : 76 mins
Fairmount Avenue & North 36th Street, Philadelphia, PA 19104, USA : 53 mins
6671 Germantown Avenue, Philadelphia, PA 19119, USA : 78 mins
Parrish Street & North 50th Street, Philadelphia, PA 19139, USA : 62 mins
Hunting Park Av & 22nd St, Philadelphia, PA 19140, USA : 84 mins
1100 Fairmount Avenue, Philadelphia, PA 19123, USA : 60 mins
2271 East William Street, Philadelphia, PA 19134, USA : 76 mins
Pulaski Avenue & Hansberry Street, Philadelphia, PA 19144, USA : 72 mins
South Broad Street & West Oregon Avenue, Philadelphia, PA 19148, USA : 65 mins
Hellerman Street & Walker Street, Philadelphia, PA 19135, USA : 94 mins
Diamond Street & North 25th Street, Philadelphia, PA 19121, USA : 77 mins
West Dauphin Street & North 28th Street, Philadelphia, PA 19132, USA : 72 mins
Edgemont Street & East Huntingdon Street, Philadelphia, PA 19125, USA : 74 mins
1300 West Jefferson Street, Philadelphia, PA 19122, USA : 62 mins
Large Street & Dyre Street, Philadelphia, PA 19124, USA : 85 mins
East Haines Street & Ardleigh Street, Philadelphia, PA 19138, USA : 99 mins
North 18th Street & Wallace Street, Philadelphia, PA 19130, USA : 61 mins
4541 North Broad Street, Philadelphia, PA 19140, USA : 79 mins
5404 Gibson Drive, Philadelphia, PA 19143, USA : 66 mins
University of Pennsylvania, 3733 Spruce Street, Philadelphia, PA 19104, USA : 43 mins
Devereaux Avenue & Frontenac Street, Philadelphia, PA 19111, USA : 91 mins
6101 Jackson Street, Philadelphia, PA 19135, USA : 100 mins
1525 Fitzwater Street, Philadelphia, PA 19146, USA : 49 mins
150 North 20th Street, Philadelphia, PA 19103, USA : 47 mins
22 East Chestnut Hill Avenue, Philadelphia, PA 19118, USA : 83 mins
North 22nd Street & West Somerset Street, Philadelphia, PA 19132, USA : 76 mins
1466 East Cheltenham Avenue, Philadelphia, PA 19124, USA : 85 mins
West Courtland Street & North 18th Street, Philadelphia, PA 19140, USA : 73 mins
285 East Ashmead Street, Philadelphia, PA 19144, USA : 90 mins
1323 North 52nd Street, Philadelphia, PA 19131, USA : 64 mins
East Westmoreland Street & Almond Street, Philadelphia, PA 19134, USA : 80 mins
Levick Street & Horrocks Street, Philadelphia, PA 19149, USA : 91 mins
Summerdale Avenue & East Godfrey Avenue, Philadelphia, PA 19124, USA : 96 mins
1928 Point Breeze Avenue, Philadelphia, PA 19145, USA : 59 mins
6901 Old York Road, Philadelphia, PA 19126, USA : 99 mins
Castor Avenue & Amber Street, Philadelphia, PA 19137, USA : 78 mins
256 South 8th Street, Philadelphia, PA 19107, USA : 56 mins
6546 Lebanon Avenue, Philadelphia, PA 19151, USA : 64 mins
Cottman Avenue & Algon Avenue, Philadelphia, PA 19111, USA : 104 mins
East Tioga Street & H Street, Philadelphia, PA 19134, USA : 72 mins
8000 Saint Martins Lane, Philadelphia, PA 19118, USA : 76 mins
Moore Street & South 26th Street, Philadelphia, PA 19145, USA : 60 mins
1924 North Woodstock Street, Philadelphia, PA 19121, USA : 71 mins
5301 Overbrook Avenue, Philadelphia, PA 19131, USA : 65 mins
3018 North Percy Street, Philadelphia, PA 19133, USA : 68 mins
238 East Wyoming Avenue, Philadelphia, PA 19120, USA : 92 mins
North 59th Street & Malvern Avenue, Philadelphia, PA 19131, USA : 70 mins
South 20th Street & Federal Street, Philadelphia, PA 19146, USA : 56 mins
South 58th Street & Kingsessing Avenue, Philadelphia, PA 19143, USA : 64 mins
2720 Poplar Street, Philadelphia, PA 19130, USA : 57 mins
6150 Cedar Avenue, Philadelphia, PA 19143, USA : 53 mins
Cresheim Road, Philadelphia, PA 19119, USA : 74 mins
West Girard Avenue & North 65th Street, Philadelphia, PA 19151, USA : 68 mins
1741 Frankford Avenue, Philadelphia, PA 19125, USA : 65 mins
1225 Cottman Avenue, Philadelphia, PA 19111, USA : 113 mins
West Berks Street & North Howard Street, Philadelphia, PA 19122, USA : 61 mins
East Upsal Street & Mansfield Avenue, Philadelphia, PA 19150, USA : 109 mins
Mifflin Street & South 3rd Street, Philadelphia, PA 19148, USA : 72 mins
6300 Greene Street, Philadelphia, PA 19144, USA : 74 mins
Ivyridge, Ridge Avenue & Domino Lane, Philadelphia, PA 19128, USA : 67 mins
2204 Aramingo Avenue, Philadelphia, PA 19125, USA : 73 mins
2862 Germantown Avenue, Philadelphia, PA 19133, USA : 65 mins
Memphis Street & East Tucker Street, Philadelphia, PA 19125, USA : 76 mins
3939 Conshohocken Avenue, Philadelphia, PA 19131, USA : 77 mins
17 Poplar Street, Philadelphia, PA 19123, USA : 61 mins
10400 Roosevelt Boulevard, Philadelphia, PA 19116, USA : 114 mins
South 52nd Street & Sansom Street, Philadelphia, PA 19139, USA : 52 mins
North 4th Street & West George Street, Philadelphia, PA 19123, USA : 68 mins
Philadelphia, PA, USA : 34 mins
Chestnut Street & South 22nd Street, Philadelphia, PA 19103, USA : 45 mins
2829 North Lambert Street, Philadelphia, PA 19132, USA : 74 mins
3600 Conshohocken Avenue, Philadelphia, PA 19131, USA : 76 mins
East Cambria Street & Cedar Street, Philadelphia, PA 19134, USA : 79 mins
5331 Haverford Avenue, Philadelphia, PA 19139, USA : 59 mins
North 59th Street & West Oxford Street, Philadelphia, PA 19151, USA : 71 mins
2415 Germantown Avenue, Philadelphia, PA 19133, USA : 60 mins
Este Avenue, Philadelphia, PA 19153, USA : 55 mins
22 South 22nd Street, Philadelphia, PA 19103, USA : 44 mins
Ogontz Avenue & West Nedro Avenue, Philadelphia, PA 19141, USA : 83 mins
1628 Master Street, Philadelphia, PA 19121, USA : 68 mins
2455 South 3rd Street, Philadelphia, PA 19148, USA : 74 mins
261 Saint James Place, Philadelphia, PA 19106, USA : 60 mins
North 16th Street & West Berks Street, Philadelphia, PA 19121, USA : 63 mins
8201 Henry Avenue, Philadelphia, PA 19128, USA : 76 mins
2450 West Sergeant Street, Philadelphia, PA 19132, USA : 80 mins
3501 Midvale Avenue, Philadelphia, PA 19129, USA : 78 mins
Ridge Avenue & Cinnaminson Street, Philadelphia, PA 19128, USA : 65 mins
828 West Ritner Street, Philadelphia, PA 19148, USA : 74 mins
Cobbs Creek Parkway & South 61st Street, Philadelphia, PA 19143, USA : 37 mins
Pine Street & South Taney Street, Philadelphia, PA 19103, USA : 42 mins
2632 West Thompson Street, Philadelphia, PA 19121, USA : 62 mins
Lansdowne Avenue & North 68th Street, Philadelphia, PA 19151, USA : 59 mins
Tyson Avenue & Horrocks Street, Philadelphia, PA 19149, USA : 96 mins
Verree Road & Rhawn Street, Philadelphia, PA 19111, USA : 119 mins
1950 West Rockland Street, Philadelphia, PA 19141, USA : 81 mins
1450 South 50th Street, Philadelphia, PA 19143, USA : 58 mins
1501 North 11th Street, Philadelphia, PA 19122, USA : 57 mins
1539 Parrish Street, Philadelphia, PA 19130, USA : 67 mins
University of the Sciences in Philadelphia, 600 South 43rd Street, Philadelphia, PA 19104, USA : 58 mins
9151 Old Newtown Road, Philadelphia, PA 19115, USA : 109 mins
33 Mifflin Street, Philadelphia, PA 19148, USA : 78 mins
2463 Emerald Street, Philadelphia, PA 19125, USA : 66 mins
B Street & East Gale Street, Philadelphia, PA 19120, USA : 93 mins
University of Pennsylvania, 3417 Spruce Street, Philadelphia, PA 19104, USA : 38 mins
1040 South 57th Street, Philadelphia, PA 19143, USA : 45 mins
South 22nd Street & West Ritner Street, Philadelphia, PA 19145, USA : 60 mins
2 Franklin Town Boulevard, Philadelphia, PA 19103, USA : 48 mins
Parkside Avenue & North 53rd Street, Philadelphia, PA 19131, USA : 75 mins
Tabor Avenue & Foulkrod Street, Philadelphia, PA 19124, USA : 89 mins
1717 West Hunting Park Avenue, Philadelphia, PA 19140, USA : 78 mins
Wakefield Street & East Bringhurst Street, Philadelphia, PA 19144, USA : 84 mins
Jasper Street & East Sergeant Street, Philadelphia, PA 19125, USA : 65 mins
Torresdale Avenue & East Cheltenham Avenue, Philadelphia, PA 19135, USA : 94 mins
Lansdowne Avenue & North 54th Street, Philadelphia, PA 19131, USA : 68 mins
441 Hoffnagle Street, Philadelphia, PA 19111, USA : 122 mins
1219 South 21st Street, Philadelphia, PA 19146, USA : 55 mins
2200 Benjamin Franklin Parkway, Philadelphia, PA 19130, USA : 54 mins
1400 Southampton Road, Philadelphia, PA 19116, USA : 128 mins
2851 Island Avenue, Philadelphia, PA 19153, USA : 62 mins
1539 West Courtland Street, Philadelphia, PA 19140, USA : 76 mins
3068 Belgrade Street, Philadelphia, PA 19134, USA : 80 mins
3017 West Oxford Street, Philadelphia, PA 19121, USA : 65 mins
Robbins Street & Hawthorne Street, Philadelphia, PA 19149, USA : 90 mins
4415 Almond Street, Philadelphia, PA 19137, USA : 90 mins
6150 West Oxford Street, Philadelphia, PA 19151, USA : 74 mins
Cottman Avenue & Pennway Street, Philadelphia, PA 19111, USA : 119 mins
East Cayuga Street & Howland Street, Philadelphia, PA 19124, USA : 86 mins
5200 Penn Street, Philadelphia, PA 19124, USA : 77 mins
4120 Tower Street, Philadelphia, PA 19127, USA : 68 mins
3001 Ryan Avenue, Philadelphia, PA 19152, USA : 99 mins
Langdon Street & Sanger Street, Philadelphia, PA 19124, USA : 102 mins
200 Washington Avenue, Philadelphia, PA 19147, USA : 67 mins
6224 Market Street, Philadelphia, PA 19139, USA : 54 mins
1901 John F Kennedy Boulevard, Philadelphia, PA 19103, USA : 43 mins
6730 Ridge Avenue, Philadelphia, PA 19128, USA : 66 mins
6304 Castor Avenue, Philadelphia, PA 19149, USA : 88 mins
6753 Germantown Avenue, Philadelphia, PA 19119, USA : 78 mins
7328 Castor Avenue, Philadelphia, PA 19152, USA : 95 mins
1330 Rhawn Street, Philadelphia, PA 19111, USA : 112 mins
1710 North Croskey Street, Philadelphia, PA 19121, USA : 73 mins
7100 Henry Avenue, Philadelphia, PA 19128, USA : 79 mins
6122 Market Street, Philadelphia, PA 19139, USA : 54 mins
725 North 6th Street, Philadelphia, PA 19123, USA : 69 mins
2301 East Allegheny Avenue, Philadelphia, PA 19134, USA : 75 mins
North 12th Street & West Rush Street, Philadelphia, PA 19133, USA : 68 mins
2424 East York Street, Philadelphia, PA 19125, USA : 74 mins
1736 South 10th Street, Philadelphia, PA 19148, USA : 67 mins
5325 Old York Road, Philadelphia, PA 19141, USA : 80 mins
6501 Bustleton Avenue, Philadelphia, PA 19149, USA : 90 mins
52 North 56th Street, Philadelphia, PA 19139, USA : 51 mins
Jackson Street & Van Kirk Street, Philadelphia, PA 19135, USA : 90 mins
Verree Road & Rhawn Street, Philadelphia, PA 19111, USA : 119 mins
4244 Old York Road, Philadelphia, PA 19140, USA : 75 mins
330 South 13th Street, Philadelphia, PA 19107, USA : 51 mins
Old York Road & West Ontario Street, Philadelphia, PA 19140, USA : 71 mins
6250 Eastwick Avenue, Philadelphia, PA 19142, USA : 54 mins
Ludlow Street & South 42nd Street, Philadelphia, PA 19104, USA : 50 mins
4703 Kingsessing Avenue, Philadelphia, PA 19143, USA : 55 mins
North 5th Street & West Nedro Avenue, Philadelphia, PA 19120, USA : 78 mins
Stenton Avenue & Haines Street, Philadelphia, PA 19138, USA : 91 mins
2536 North Front Street, Philadelphia, PA 19133, USA : 65 mins
409 South 2nd Street, Philadelphia, PA 19147, USA : 56 mins
2535 South 73rd Street, Philadelphia, PA 19142, USA : 51 mins
South 13th Street & West Shunk Street, Philadelphia, PA 19148, USA : 68 mins
8724 Crispin Street, Philadelphia, PA 19136, USA : 109 mins
Belmont Avenue & Viola Street, Philadelphia, PA 19104, USA : 69 mins
North 22nd Street & West Huntingdon Street, Philadelphia, PA 19132, USA : 75 mins
2701 North 12th Street, Philadelphia, PA 19133, USA : 65 mins
2301 East Cumberland Street, Philadelphia, PA 19125, USA : 74 mins
Comly Road & Thornton Road, Philadelphia, PA 19154, USA : 119 mins
North 53rd Street & Media Street, Philadelphia, PA 19131, USA : 70 mins
6735 North 16th Street, Philadelphia, PA 19126, USA : 105 mins
North 29th Street & West Clearfield Street, Philadelphia, PA 19132, USA : 70 mins
East Haines Street & Ardleigh Street, Philadelphia, PA 19138, USA : 99 mins
Verree Road & Rhawn Street, Philadelphia, PA 19111, USA : 119 mins
143 South 60th Street, Philadelphia, PA 19139, USA : 55 mins
2840 Holme Avenue, Philadelphia, PA 19152, USA : 99 mins
North 61st Street & West Thompson Street, Philadelphia, PA 19151, USA : 69 mins
8711 Germantown Avenue, Philadelphia, PA 19118, USA : 79 mins
Tyson Avenue & Horrocks Street, Philadelphia, PA 19149, USA : 96 mins
North 16th Street & West Jefferson Street, Philadelphia, PA 19121, USA : 70 mins
West Ontario Street & North 3rd Street, Philadelphia, PA 19140, USA : 72 mins
East Chelten Avenue & Ardleigh Street, Philadelphia, PA 19138, USA : 95 mins
Baltimore Avenue & South 59th Street, Philadelphia, PA 19143, USA : 39 mins
1905 Vare Avenue, Philadelphia, PA 19145, USA : 66 mins
North 19th Street & Haines Street, Philadelphia, PA 19126, USA : 105 mins
330 Race Street, Philadelphia, PA 19106, USA : 60 mins
2230 Taggert Street, Philadelphia, PA 19125, USA : 71 mins
University of Pennsylvania, 3914 Locust Walk, Philadelphia, PA 19104, USA : 48 mins
North 21st Street & West Chew Avenue, Philadelphia, PA 19138, USA : 99 mins
1023 Callowhill Street, Philadelphia, PA 19123, USA : 53 mins
2437 South Broad Street, Philadelphia, PA 19148, USA : 69 mins
4400 Fairmount Avenue, Philadelphia, PA 19104, USA : 60 mins
1430 East Passyunk Avenue, Philadelphia, PA 19147, USA : 65 mins
6131 Vine Street, Philadelphia, PA 19139, USA : 61 mins
Snyder Avenue & South 2nd Street, Philadelphia, PA 19148, USA : 74 mins
8040 Rowland Avenue, Philadelphia, PA 19136, USA : 109 mins
Cottman Avenue & Central Avenue, Philadelphia, PA 19012, USA : 115 mins
Woodland Avenue & South 48th Street, Philadelphia, PA 19143, USA : 57 mins
Unruh Avenue & Cottage Street, Philadelphia, PA 19135, USA : 98 mins
North 6th Street & West Indiana Avenue, Philadelphia, PA 19133, USA : 69 mins
4340 Germantown Avenue, Philadelphia, PA 19140, USA : 72 mins
2406 South 71st Street, Philadelphia, PA 19142, USA : 55 mins
1301 West Ruscomb Street, Philadelphia, PA 19141, USA : 77 mins
7800 Stenton Avenue, Philadelphia, PA 19118, USA : 102 mins
1420 Locust Street, Philadelphia, PA 19102, USA : 50 mins
200 East Somerset Street, Philadelphia, PA 19134, USA : 67 mins
4910 Wynnefield Avenue, Philadelphia, PA 19131, USA : 79 mins
5457 Wayne Avenue, Philadelphia, PA 19144, USA : 73 mins
1215 Vernon Road, Philadelphia, PA 19150, USA : 106 mins
2001 Spring Garden Street, Philadelphia, PA 19130, USA : 57 mins
1138 Pine Street, Philadelphia, PA 19107, USA : 52 mins
2600 Moore Street, Philadelphia, PA 19145, USA : 62 mins
Castor Avenue & Pratt Street, Philadelphia, PA 19124, USA : 92 mins
3255 North Front Street, Philadelphia, PA 19140, USA : 79 mins
North 12th Street & Oak Lane, Philadelphia, PA 19126, USA : 100 mins
2301 West Oxford Street, Philadelphia, PA 19121, USA : 73 mins
2645 East Westmoreland Street, Philadelphia, PA 19134, USA : 82 mins
401 South Broad Street, Philadelphia, PA 19147, USA : 50 mins
950 Walnut Street, Philadelphia, PA 19107, USA : 51 mins
2302 South 7th Street, Philadelphia, PA 19148, USA : 75 mins
2820 North 4th Street, Philadelphia, PA 19133, USA : 68 mins
5501 Cedar Avenue, Philadelphia, PA 19143, USA : 65 mins
9951 Academy Road, Philadelphia, PA 19114, USA : 111 mins
2011 North Mascher Street, Philadelphia, PA 19122, USA : 64 mins
5026 Spruce Street, Philadelphia, PA 19139, USA : 57 mins
6700 North Broad Street, Philadelphia, PA 19126, USA : 86 mins
1200 Wharton Street, Philadelphia, PA 19147, USA : 62 mins
2332 North 15th Street, Philadelphia, PA 19132, USA : 67 mins
Rhawn Street & Jeanes Street, Philadelphia, PA 19111, USA : 116 mins
1930 South Broad Street, Philadelphia, PA 19145, USA : 66 mins
4349 Ridge Avenue, Philadelphia, PA 19129, USA : 68 mins
3323 Fairdale Road, Philadelphia, PA 19154, USA : 121 mins
4150 Woodhaven Road, Philadelphia, PA 19154, USA : 134 mins
3000 Master Street, Philadelphia, PA 19121, USA : 65 mins
Cedar Avenue & South 60th Street, Philadelphia, PA 19143, USA : 54 mins
Southampton Road & Worthington Road, Philadelphia, PA 19116, USA : 123 mins
608 Welsh Road, Philadelphia, PA 19115, USA : 130 mins
5000 Frankford Avenue, Philadelphia, PA 19124, USA : 77 mins
198 Tomlinson Road, Philadelphia, PA 19116, USA : 116 mins
North 33rd Street & Diamond Drive, Philadelphia, PA 19121, USA : 63 mins
1448 Greenwood Avenue, Philadelphia, PA 19150, USA : 105 mins
South 66th Street & Regent Street, Philadelphia, PA 19142, USA : 46 mins
South 6th Street & Lombard Street, Philadelphia, PA 19147, USA : 53 mins
6320 Chew Avenue, Philadelphia, PA 19138, USA : 95 mins
3903 City Avenue, Philadelphia, PA 19131, USA : 62 mins
Philadelphia, PA, USA : 34 mins
4701 Pine Street, Philadelphia, PA 19143, USA : 57 mins
East Wyoming Avenue & B Street, Philadelphia, PA 19120, USA : 93 mins
2980 Southampton Road, Philadelphia, PA 19154, USA : 131 mins
6350 North 2nd Street, Philadelphia, PA 19120, USA : 93 mins
3901 Market Street, Philadelphia, PA 19104, USA : 47 mins
North 12th Street & West Susquehanna Avenue, Philadelphia, PA 19122, USA : 57 mins
4153 Germantown Avenue, Philadelphia, PA 19140, USA : 76 mins
1728 South 2nd Street, Philadelphia, PA 19148, USA : 71 mins
7711 Overbrook Avenue, Philadelphia, PA 19151, USA : 73 mins
403 Rector Street, Philadelphia, PA 19128, USA : 66 mins
3215 West School House Lane, Philadelphia, PA 19144, USA : 80 mins
5310 Morris Street, Philadelphia, PA 19144, USA : 68 mins
North 19th Street & North Street, Philadelphia, PA 19130, USA : 60 mins
Bustleton Avenue & Solly Avenue, Philadelphia, PA 19152, USA : 101 mins
425 East Roosevelt Boulevard, Philadelphia, PA 19120, USA : 91 mins
5300 Chester Avenue, Philadelphia, PA 19143, USA : 58 mins
6500 Tabor Avenue, Philadelphia, PA 19111, USA : 108 mins
2301 Edgley Street, Philadelphia, PA 19121, USA : 74 mins
1450 North 21st Street, Philadelphia, PA 19121, USA : 69 mins
1800 Lombard Street, Philadelphia, PA 19146, USA : 46 mins
North 8th Street & Diamond Street, Philadelphia, PA 19122, USA : 52 mins
7501 Ogontz Avenue, Philadelphia, PA 19150, USA : 104 mins
520 South 61st Street, Philadelphia, PA 19143, USA : 58 mins
9896 Bustleton Avenue, Philadelphia, PA 19115, USA : 117 mins
5600 Race Street, Philadelphia, PA 19139, USA : 54 mins
Morrell Avenue & West Crown Avenue, Philadelphia, PA 19114, USA : 122 mins
Comly Street & Saul Street, Philadelphia, PA 19149, USA : 84 mins
Elmwood Avenue & South 63rd Street, Philadelphia, PA 19142, USA : 48 mins
Paschall Avenue & South 64th Street, Philadelphia, PA 19142, USA : 46 mins
11099 Knights Road, Philadelphia, PA 19154, USA : 128 mins
2201 Pennsylvania Avenue, Philadelphia, PA 19130, USA : 53 mins
901 East Cayuga Street, Philadelphia, PA 19124, USA : 92 mins
Tasker Street & South 4th Street, Philadelphia, PA 19148, USA : 69 mins
North 8th Street & West Duncannon Avenue, Philadelphia, PA 19120, USA : 86 mins
2340 Bolton Way, Philadelphia, PA 19121, USA : 73 mins
Torresdale Avenue & Wakeling Street, Philadelphia, PA 19124, USA : 83 mins
Frankford Avenue & Stanwood Street, Philadelphia, PA 19136, USA : 101 mins
Welsh Road & Tolbut Street, Philadelphia, PA 19152, USA : 107 mins
Roosevelt Boulevard & Welsh Road, Philadelphia, PA 19114, USA : 103 mins
3720 North Broad Street, Philadelphia, PA 19140, USA : 69 mins
6757 Greene Street, Philadelphia, PA 19119, USA : 75 mins
2600 Belmont Avenue, Philadelphia, PA 19131, USA : 67 mins
4001 Conshohocken Avenue, Philadelphia, PA 19131, USA : 68 mins
Vernon Road & Blakemore Street, Philadelphia, PA 19119, USA : 95 mins
South 52nd Street & Pine Street, Philadelphia, PA 19143, USA : 58 mins
1531 West Tioga Street, Philadelphia, PA 19140, USA : 73 mins
Ridge Avenue & Midvale Avenue, Philadelphia, PA 19129, USA : 69 mins
1941 West Ontario Street, Philadelphia, PA 19140, USA : 77 mins
3 North Chris Columbus Boulevard, Philadelphia, PA 19106, USA : 58 mins
Frankford Avenue & Eden Street, Philadelphia, PA 19114, USA : 116 mins
North 10th Street & West Chew Avenue, Philadelphia, PA 19141, USA : 82 mins
1824 Foulkrod Street, Philadelphia, PA 19124, USA : 78 mins
3180 Grant Avenue, Philadelphia, PA 19114, USA : 109 mins
8550 Verree Road, Philadelphia, PA 19111, USA : 121 mins
1700 Fernon Street, Philadelphia, PA 19145, USA : 65 mins
2604 South 4th Street, Philadelphia, PA 19148, USA : 73 mins
East Luzerne Street & L Street, Philadelphia, PA 19124, USA : 77 mins
700 North 3rd Street, Philadelphia, PA 19123, USA : 61 mins
Thouron Avenue & East Sedgwick Street, Philadelphia, PA 19150, USA : 103 mins
East Tioga Street & Gaul Street, Philadelphia, PA 19134, USA : 82 mins
South 6th Street & South Washington Square, Philadelphia, PA 19106, USA : 58 mins
9832 Redd Rambler Drive, Philadelphia, PA 19115, USA : 128 mins
641 Reed Street, Philadelphia, PA 19147, USA : 72 mins
